GROUP,PACKAGE,CLASS,INSTRUCTION_MISSED,INSTRUCTION_COVERED,BRANCH_MISSED,BRANCH_COVERED,LINE_MISSED,LINE_COVERED,COMPLEXITY_MISSED,COMPLEXITY_COVERED,METHOD_MISSED,METHOD_COVERED
note,com.mediscreen.note.model,Note,12,164,4,26,0,11,5,24,1,13
note,com.mediscreen.note.controller,NoteController,0,117,0,0,0,29,0,7,0,7
note,com.mediscreen.note.service,NoteDalService,24,77,1,1,3,20,4,7,3,7
note,com.mediscreen.note,NoteApplication,5,3,0,0,2,1,1,1,1,1
note,com.mediscreen.note.exception,NoteNotFoundException,0,13,0,0,0,5,0,3,0,3
